app/build/outputs/logs/manifest-merger-debug-report.txt
-- Merging decision tree log ---
manifest
ADDED from src/main/AndroidManifest.xml:2:1-25:12
	package
		ADDED from src/main/AndroidManifest.xml:3:5-40
		INJECTED from src/main/AndroidManifest.xml
		INJECTED from src/main/AndroidManifest.xml
	android:versionName
		INJECTED from src/main/AndroidManifest.xml
		INJECTED from src/main/AndroidManifest.xml
	xmlns:android
		ADDED from src/main/AndroidManifest.xml:2:11-69
	android:versionCode
		INJECTED from src/main/AndroidManifest.xml
		INJECTED from src/main/AndroidManifest.xml
application
ADDED from src/main/AndroidManifest.xml:5:5-24:19
MERGED from [com.android.support:appcompat-v7:24.1.1] AndroidManifest.xml:25:5-20
MERGED from [com.android.support:animated-vector-drawable:24.1.1] AndroidManifest.xml:22:5-20
MERGED from [com.android.support:support-vector-drawable:24.1.1] AndroidManifest.xml:23:5-20
MERGED from [com.android.support:support-v4:24.1.1] AndroidManifest.xml:25:5-20
MERGED from [com.awareframework:aware-core:4.0.655] AndroidManifest.xml:18:5-365:19
	android:label
		ADDED from src/main/AndroidManifest.xml:7:9-41
	android:icon
		ADDED from src/main/AndroidManifest.xml:6:9-45
	android:networkSecurityConfig
		ADDED from [com.awareframework:aware-core:4.0.655] AndroidManifest.xml:20:9-62
service#com.aware.plugin.accelerometer.Plugin
ADDED from src/main/AndroidManifest.xml:9:9-11:39
	android:exported
		ADDED from src/main/AndroidManifest.xml:11:13-36
	android:name
		ADDED from src/main/AndroidManifest.xml:10:13-60
activity#com.aware.plugin.accelerometer.Settings
ADDED from src/main/AndroidManifest.xml:13:9-15:39
	android:exported
		ADDED from src/main/AndroidManifest.xml:15:13-36
	android:name
		ADDED from src/main/AndroidManifest.xml:14:13-62
provider#com.aware.plugin.accelerometer.Provider
ADDED from src/main/AndroidManifest.xml:17:9-22:70
	android:readPermission
		ADDED from src/main/AndroidManifest.xml:21:13-65
	android:authorities
		ADDED from src/main/AndroidManifest.xml:19:13-64
		INJECTED from src/main/AndroidManifest.xml
	android:exported
		ADDED from src/main/AndroidManifest.xml:20:13-36
	android:name
		ADDED from src/main/AndroidManifest.xml:18:13-62
	android:writePermission
		ADDED from src/main/AndroidManifest.xml:22:13-67
uses-sdk
INJECTED from src/main/AndroidManifest.xml reason: use-sdk injection requested
MERGED from [com.android.support:appcompat-v7:24.1.1] AndroidManifest.xml:21:5-23:78
MERGED from [com.android.support:animated-vector-drawable:24.1.1] AndroidManifest.xml:20:5-44
MERGED from [com.android.support:support-vector-drawable:24.1.1] AndroidManifest.xml:21:5-43
MERGED from [com.android.support:support-v4:24.1.1] AndroidManifest.xml:21:5-23:54
MERGED from [com.awareframework:aware-core:4.0.655] AndroidManifest.xml:7:5-9:41
	tools:overrideLibrary
		ADDED from [com.android.support:appcompat-v7:24.1.1] AndroidManifest.xml:23:9-75
	android:targetSdkVersion
		INJECTED from src/main/AndroidManifest.xml
		INJECTED from src/main/AndroidManifest.xml
	android:minSdkVersion
		INJECTED from src/main/AndroidManifest.xml
		INJECTED from src/main/AndroidManifest.xml
uses-permission#com.aware.READ_CONTEXT_DATA
ADDED from [com.awareframework:aware-core:4.0.655] AndroidManifest.xml:11:5-67
	android:name
		ADDED from [com.awareframework:aware-core:4.0.655] AndroidManifest.xml:11:22-64
uses-permission#com.aware.WRITE_CONTEXT_DATA
ADDED from [com.awareframework:aware-core:4.0.655] AndroidManifest.xml:12:5-68
	android:name
		ADDED from [com.awareframework:aware-core:4.0.655] AndroidManifest.xml:12:22-65
uses-permission#android.permission.WRITE_EXTERNAL_STORAGE
ADDED from [com.awareframework:aware-core:4.0.655] AndroidManifest.xml:13:5-81
	android:name
		ADDED from [com.awareframework:aware-core:4.0.655] AndroidManifest.xml:13:22-78
uses-permission#android.permission.INTERNET
ADDED from [com.awareframework:aware-core:4.0.655] AndroidManifest.xml:14:5-67
	android:name
		ADDED from [com.awareframework:aware-core:4.0.655] AndroidManifest.xml:14:22-64
uses-permission#android.permission.ACCESS_NETWORK_STATE
ADDED from [com.awareframework:aware-core:4.0.655] AndroidManifest.xml:15:5-79
	android:name
		ADDED from [com.awareframework:aware-core:4.0.655] AndroidManifest.xml:15:22-76
uses-permission#android.permission.WAKE_LOCK
ADDED from [com.awareframework:aware-core:4.0.655] AndroidManifest.xml:16:5-68
	android:name
		ADDED from [com.awareframework:aware-core:4.0.655] AndroidManifest.xml:16:22-65
activity#com.aware.ui.ESM_Queue
ADDED from [com.awareframework:aware-core:4.0.655] AndroidManifest.xml:23:9-30:66
	android:excludeFromRecents
		ADDED from [com.awareframework:aware-core:4.0.655] AndroidManifest.xml:26:13-46
	android:launchMode
		ADDED from [com.awareframework:aware-core:4.0.655] AndroidManifest.xml:28:13-43
	android:exported
		ADDED from [com.awareframework:aware-core:4.0.655] AndroidManifest.xml:27:13-36
	android:noHistory
		ADDED from [com.awareframework:aware-core:4.0.655] AndroidManifest.xml:29:13-37
	android:configChanges
		ADDED from [com.awareframework:aware-core:4.0.655] AndroidManifest.xml:25:13-74
	android:theme
		ADDED from [com.awareframework:aware-core:4.0.655] AndroidManifest.xml:30:13-63
	android:name
		ADDED from [com.awareframework:aware-core:4.0.655] AndroidManifest.xml:24:13-50
activity#com.aware.ui.PermissionsHandler
ADDED from [com.awareframework:aware-core:4.0.655] AndroidManifest.xml:31:9-35:66
	android:exported
		ADDED from [com.awareframework:aware-core:4.0.655] AndroidManifest.xml:34:13-36
	android:configChanges
		ADDED from [com.awareframework:aware-core:4.0.655] AndroidManifest.xml:33:13-74
	android:theme
		ADDED from [com.awareframework:aware-core:4.0.655] AndroidManifest.xml:35:13-63
	android:name
		ADDED from [com.awareframework:aware-core:4.0.655] AndroidManifest.xml:32:13-59
service#com.aware.Keyboard
ADDED from [com.awareframework:aware-core:4.0.655] AndroidManifest.xml:38:9-40:39
	android:exported
		ADDED from [com.awareframework:aware-core:4.0.655] AndroidManifest.xml:40:13-36
	android:name
		ADDED from [com.awareframework:aware-core:4.0.655] AndroidManifest.xml:39:13-46
service#com.aware.utils.Scheduler
ADDED from [com.awareframework:aware-core:4.0.655] AndroidManifest.xml:41:9-43:39
	android:exported
		ADDED from [com.awareframework:aware-core:4.0.655] AndroidManifest.xml:43:13-36
	android:name
		ADDED from [com.awareframework:aware-core:4.0.655] AndroidManifest.xml:42:13-53
service#com.aware.Aware
ADDED from [com.awareframework:aware-core:4.0.655] AndroidManifest.xml:44:9-46:39
	android:exported
		ADDED from [com.awareframework:aware-core:4.0.655] AndroidManifest.xml:46:13-36
	android:name
		ADDED from [com.awareframework:aware-core:4.0.655] AndroidManifest.xml:45:13-43
service#com.aware.Aware$JoinStudy
ADDED from [com.awareframework:aware-core:4.0.655] AndroidManifest.xml:47:9-49:39
	android:exported
		ADDED from [com.awareframework:aware-core:4.0.655] AndroidManifest.xml:49:13-36
	android:name
		ADDED from [com.awareframework:aware-core:4.0.655] AndroidManifest.xml:48:13-53
service#com.aware.utils.SSLManager
ADDED from [com.awareframework:aware-core:4.0.655] AndroidManifest.xml:50:9-52:39
	android:exported
		ADDED from [com.awareframework:aware-core:4.0.655] AndroidManifest.xml:52:13-36
	android:name
		ADDED from [com.awareframework:aware-core:4.0.655] AndroidManifest.xml:51:13-54
service#com.aware.Applications
ADDED from [com.awareframework:aware-core:4.0.655] AndroidManifest.xml:53:9-67:19
	android:enabled
		ADDED from [com.awareframework:aware-core:4.0.655] AndroidManifest.xml:55:13-57
	android:exported
		ADDED from [com.awareframework:aware-core:4.0.655] AndroidManifest.xml:56:13-36
	android:permission
		ADDED from [com.awareframework:aware-core:4.0.655] AndroidManifest.xml:57:13-79
	android:name
		ADDED from [com.awareframework:aware-core:4.0.655] AndroidManifest.xml:54:13-50
intent-filter#android.accessibilityservice.AccessibilityService+android.accessibilityservice.category.FEEDBACK_GENERIC
ADDED from [com.awareframework:aware-core:4.0.655] AndroidManifest.xml:58:13-62:29
action#android.accessibilityservice.AccessibilityService
ADDED from [com.awareframework:aware-core:4.0.655] AndroidManifest.xml:59:17-92
	android:name
		ADDED from [com.awareframework:aware-core:4.0.655] AndroidManifest.xml:59:25-89
category#android.accessibilityservice.category.FEEDBACK_GENERIC
ADDED from [com.awareframework:aware-core:4.0.655] AndroidManifest.xml:61:17-99
	android:name
		ADDED from [com.awareframework:aware-core:4.0.655] AndroidManifest.xml:61:27-96
meta-data#android.accessibilityservice
ADDED from [com.awareframework:aware-core:4.0.655] AndroidManifest.xml:64:13-66:70
	android:resource
		ADDED from [com.awareframework:aware-core:4.0.655] AndroidManifest.xml:66:17-67
	android:name
		ADDED from [com.awareframework:aware-core:4.0.655] AndroidManifest.xml:65:17-60
service#com.aware.Applications$BackgroundService
ADDED from [com.awareframework:aware-core:4.0.655] AndroidManifest.xml:68:9-70:39
	android:exported
		ADDED from [com.awareframework:aware-core:4.0.655] AndroidManifest.xml:70:13-36
	android:name
		ADDED from [com.awareframework:aware-core:4.0.655] AndroidManifest.xml:69:13-68
service#com.aware.Locations
ADDED from [com.awareframework:aware-core:4.0.655] AndroidManifest.xml:71:9-73:39
	android:exported
		ADDED from [com.awareframework:aware-core:4.0.655] AndroidManifest.xml:73:13-36
	android:name
		ADDED from [com.awareframework:aware-core:4.0.655] AndroidManifest.xml:72:13-47
service#com.aware.Bluetooth
ADDED from [com.awareframework:aware-core:4.0.655] AndroidManifest.xml:74:9-76:39
	android:exported
		ADDED from [com.awareframework:aware-core:4.0.655] AndroidManifest.xml:76:13-36
	android:name
		ADDED from [com.awareframework:aware-core:4.0.655] AndroidManifest.xml:75:13-47
service#com.aware.Screen
ADDED from [com.awareframework:aware-core:4.0.655] AndroidManifest.xml:77:9-79:39
	android:exported
		ADDED from [com.awareframework:aware-core:4.0.655] AndroidManifest.xml:79:13-36
	android:name
		ADDED from [com.awareframework:aware-core:4.0.655] AndroidManifest.xml:78:13-44
service#com.aware.Battery
ADDED from [com.awareframework:aware-core:4.0.655] AndroidManifest.xml:80:9-82:39
	android:exported
		ADDED from [com.awareframework:aware-core:4.0.655] AndroidManifest.xml:82:13-36
	android:name
		ADDED from [com.awareframework:aware-core:4.0.655] AndroidManifest.xml:81:13-45
service#com.aware.Network
ADDED from [com.awareframework:aware-core:4.0.655] AndroidManifest.xml:83:9-85:39
	android:exported
		ADDED from [com.awareframework:aware-core:4.0.655] AndroidManifest.xml:85:13-36
	android:name
		ADDED from [com.awareframework:aware-core:4.0.655] AndroidManifest.xml:84:13-45
service#com.aware.Communication
ADDED from [com.awareframework:aware-core:4.0.655] AndroidManifest.xml:86:9-88:39
	android:exported
		ADDED from [com.awareframework:aware-core:4.0.655] AndroidManifest.xml:88:13-36
	android:name
		ADDED from [com.awareframework:aware-core:4.0.655] AndroidManifest.xml:87:13-51
service#com.aware.Processor
ADDED from [com.awareframework:aware-core:4.0.655] AndroidManifest.xml:89:9-91:39
	android:exported
		ADDED from [com.awareframework:aware-core:4.0.655] AndroidManifest.xml:91:13-36
	android:name
		ADDED from [com.awareframework:aware-core:4.0.655] AndroidManifest.xml:90:13-47
service#com.aware.Timezone
ADDED from [com.awareframework:aware-core:4.0.655] AndroidManifest.xml:92:9-94:39
	android:exported
		ADDED from [com.awareframework:aware-core:4.0.655] AndroidManifest.xml:94:13-36
	android:name
		ADDED from [com.awareframework:aware-core:4.0.655] AndroidManifest.xml:93:13-46
service#com.aware.Mqtt
ADDED from [com.awareframework:aware-core:4.0.655] AndroidManifest.xml:95:9-97:39
	android:exported
		ADDED from [com.awareframework:aware-core:4.0.655] AndroidManifest.xml:97:13-36
	android:name
		ADDED from [com.awareframework:aware-core:4.0.655] AndroidManifest.xml:96:13-42
service#com.aware.Traffic
ADDED from [com.awareframework:aware-core:4.0.655] AndroidManifest.xml:98:9-100:39
	android:exported
		ADDED from [com.awareframework:aware-core:4.0.655] AndroidManifest.xml:100:13-36
	android:name
		ADDED from [com.awareframework:aware-core:4.0.655] AndroidManifest.xml:99:13-45
service#com.aware.Accelerometer
ADDED from [com.awareframework:aware-core:4.0.655] AndroidManifest.xml:101:9-103:39
	android:exported
		ADDED from [com.awareframework:aware-core:4.0.655] AndroidManifest.xml:103:13-36
	android:name
		ADDED from [com.awareframework:aware-core:4.0.655] AndroidManifest.xml:102:13-51
service#com.aware.Gyroscope
ADDED from [com.awareframework:aware-core:4.0.655] AndroidManifest.xml:104:9-106:39
	android:exported
		ADDED from [com.awareframework:aware-core:4.0.655] AndroidManifest.xml:106:13-36
	android:name
		ADDED from [com.awareframework:aware-core:4.0.655] AndroidManifest.xml:105:13-47
service#com.aware.Bluetooth$BackgroundService
ADDED from [com.awareframework:aware-core:4.0.655] AndroidManifest.xml:107:9-109:39
	android:exported
		ADDED from [com.awareframework:aware-core:4.0.655] AndroidManifest.xml:109:13-36
	android:name
		ADDED from [com.awareframework:aware-core:4.0.655] AndroidManifest.xml:108:13-65
service#com.aware.WiFi
ADDED from [com.awareframework:aware-core:4.0.655] AndroidManifest.xml:110:9-112:39
	android:exported
		ADDED from [com.awareframework:aware-core:4.0.655] AndroidManifest.xml:112:13-36
	android:name
		ADDED from [com.awareframework:aware-core:4.0.655] AndroidManifest.xml:111:13-42
service#com.aware.WiFi$BackgroundService
ADDED from [com.awareframework:aware-core:4.0.655] AndroidManifest.xml:113:9-115:39
	android:exported
		ADDED from [com.awareframework:aware-core:4.0.655] AndroidManifest.xml:115:13-36
	android:name
		ADDED from [com.awareframework:aware-core:4.0.655] AndroidManifest.xml:114:13-60
service#com.aware.Telephony
ADDED from [com.awareframework:aware-core:4.0.655] AndroidManifest.xml:116:9-118:39
	android:exported
		ADDED from [com.awareframework:aware-core:4.0.655] AndroidManifest.xml:118:13-36
	android:name
		ADDED from [com.awareframework:aware-core:4.0.655] AndroidManifest.xml:117:13-47
service#com.aware.Rotation
ADDED from [com.awareframework:aware-core:4.0.655] AndroidManifest.xml:119:9-121:39
	android:exported
		ADDED from [com.awareframework:aware-core:4.0.655] AndroidManifest.xml:121:13-36
	android:name
		ADDED from [com.awareframework:aware-core:4.0.655] AndroidManifest.xml:120:13-46
service#com.aware.Light
ADDED from [com.awareframework:aware-core:4.0.655] AndroidManifest.xml:122:9-124:39
	android:exported
		ADDED from [com.awareframework:aware-core:4.0.655] AndroidManifest.xml:124:13-36
	android:name
		ADDED from [com.awareframework:aware-core:4.0.655] AndroidManifest.xml:123:13-43
service#com.aware.Proximity
ADDED from [com.awareframework:aware-core:4.0.655] AndroidManifest.xml:125:9-127:39
	android:exported
		ADDED from [com.awareframework:aware-core:4.0.655] AndroidManifest.xml:127:13-36
	android:name
		ADDED from [com.awareframework:aware-core:4.0.655] AndroidManifest.xml:126:13-47
service#com.aware.Magnetometer
ADDED from [com.awareframework:aware-core:4.0.655] AndroidManifest.xml:128:9-130:39
	android:exported
		ADDED from [com.awareframework:aware-core:4.0.655] AndroidManifest.xml:130:13-36
	android:name
		ADDED from [com.awareframework:aware-core:4.0.655] AndroidManifest.xml:129:13-50
service#com.aware.Barometer
ADDED from [com.awareframework:aware-core:4.0.655] AndroidManifest.xml:131:9-133:39
	android:exported
		ADDED from [com.awareframework:aware-core:4.0.655] AndroidManifest.xml:133:13-36
	android:name
		ADDED from [com.awareframework:aware-core:4.0.655] AndroidManifest.xml:132:13-47
service#com.aware.Gravity
ADDED from [com.awareframework:aware-core:4.0.655] AndroidManifest.xml:134:9-136:39
	android:exported
		ADDED from [com.awareframework:aware-core:4.0.655] AndroidManifest.xml:136:13-36
	android:name
		ADDED from [com.awareframework:aware-core:4.0.655] AndroidManifest.xml:135:13-45
service#com.aware.LinearAccelerometer
ADDED from [com.awareframework:aware-core:4.0.655] AndroidManifest.xml:137:9-139:39
	android:exported
		ADDED from [com.awareframework:aware-core:4.0.655] AndroidManifest.xml:139:13-36
	android:name
		ADDED from [com.awareframework:aware-core:4.0.655] AndroidManifest.xml:138:13-57
service#com.aware.Temperature
ADDED from [com.awareframework:aware-core:4.0.655] AndroidManifest.xml:140:9-142:39
	android:exported
		ADDED from [com.awareframework:aware-core:4.0.655] AndroidManifest.xml:142:13-36
	android:name
		ADDED from [com.awareframework:aware-core:4.0.655] AndroidManifest.xml:141:13-49
service#com.aware.ESM
ADDED from [com.awareframework:aware-core:4.0.655] AndroidManifest.xml:143:9-145:39
	android:exported
		ADDED from [com.awareframework:aware-core:4.0.655] AndroidManifest.xml:145:13-36
	android:name
		ADDED from [com.awareframework:aware-core:4.0.655] AndroidManifest.xml:144:13-41
service#com.aware.Installations
ADDED from [com.awareframework:aware-core:4.0.655] AndroidManifest.xml:146:9-148:39
	android:exported
		ADDED from [com.awareframework:aware-core:4.0.655] AndroidManifest.xml:148:13-36
	android:name
		ADDED from [com.awareframework:aware-core:4.0.655] AndroidManifest.xml:147:13-51
service#com.aware.utils.WebserviceHelper
ADDED from [com.awareframework:aware-core:4.0.655] AndroidManifest.xml:149:9-156:19
	android:exported
		ADDED from [com.awareframework:aware-core:4.0.655] AndroidManifest.xml:151:13-36
	android:name
		ADDED from [com.awareframework:aware-core:4.0.655] AndroidManifest.xml:150:13-60
intent-filter#ACTION_AWARE_WEBSERVICE_CLEAR_TABLE+ACTION_AWARE_WEBSERVICE_SYNC_TABLE
ADDED from [com.awareframework:aware-core:4.0.655] AndroidManifest.xml:152:13-155:29
action#ACTION_AWARE_WEBSERVICE_SYNC_TABLE
ADDED from [com.awareframework:aware-core:4.0.655] AndroidManifest.xml:153:17-77
	android:name
		ADDED from [com.awareframework:aware-core:4.0.655] AndroidManifest.xml:153:25-74
action#ACTION_AWARE_WEBSERVICE_CLEAR_TABLE
ADDED from [com.awareframework:aware-core:4.0.655] AndroidManifest.xml:154:17-78
	android:name
		ADDED from [com.awareframework:aware-core:4.0.655] AndroidManifest.xml:154:25-75
service#com.aware.utils.DownloadPluginService
ADDED from [com.awareframework:aware-core:4.0.655] AndroidManifest.xml:157:9-159:39
	android:exported
		ADDED from [com.awareframework:aware-core:4.0.655] AndroidManifest.xml:159:13-36
	android:name
		ADDED from [com.awareframework:aware-core:4.0.655] AndroidManifest.xml:158:13-65
service#com.aware.utils.StudyUtils
ADDED from [com.awareframework:aware-core:4.0.655] AndroidManifest.xml:160:9-162:39
	android:exported
		ADDED from [com.awareframework:aware-core:4.0.655] AndroidManifest.xml:162:13-36
	android:name
		ADDED from [com.awareframework:aware-core:4.0.655] AndroidManifest.xml:161:13-54
service#com.aware.utils.Aware_TTS
ADDED from [com.awareframework:aware-core:4.0.655] AndroidManifest.xml:163:9-165:39
	android:exported
		ADDED from [com.awareframework:aware-core:4.0.655] AndroidManifest.xml:165:13-36
	android:name
		ADDED from [com.awareframework:aware-core:4.0.655] AndroidManifest.xml:164:13-53
receiver#com.aware.utils.Aware_TTS$Aware_TTS_Receiver
ADDED from [com.awareframework:aware-core:4.0.655] AndroidManifest.xml:169:9-175:20
	android:exported
		ADDED from [com.awareframework:aware-core:4.0.655] AndroidManifest.xml:171:13-36
	android:name
		ADDED from [com.awareframework:aware-core:4.0.655] AndroidManifest.xml:170:13-72
intent-filter#ACTION_AWARE_TTS_SPEAK
ADDED from [com.awareframework:aware-core:4.0.655] AndroidManifest.xml:172:13-174:29
action#ACTION_AWARE_TTS_SPEAK
ADDED from [com.awareframework:aware-core:4.0.655] AndroidManifest.xml:173:17-65
	android:name
		ADDED from [com.awareframework:aware-core:4.0.655] AndroidManifest.xml:173:25-62
receiver#com.aware.Aware$Storage_Broadcaster
ADDED from [com.awareframework:aware-core:4.0.655] AndroidManifest.xml:176:9-185:20
	android:exported
		ADDED from [com.awareframework:aware-core:4.0.655] AndroidManifest.xml:178:13-36
	android:name
		ADDED from [com.awareframework:aware-core:4.0.655] AndroidManifest.xml:177:13-63
intent-filter#android.intent.action.MEDIA_MOUNTED+android.intent.action.MEDIA_UNMOUNTED
ADDED from [com.awareframework:aware-core:4.0.655] AndroidManifest.xml:179:13-184:29
action#android.intent.action.MEDIA_MOUNTED
ADDED from [com.awareframework:aware-core:4.0.655] AndroidManifest.xml:180:17-78
	android:name
		ADDED from [com.awareframework:aware-core:4.0.655] AndroidManifest.xml:180:25-75
action#android.intent.action.MEDIA_UNMOUNTED
ADDED from [com.awareframework:aware-core:4.0.655] AndroidManifest.xml:181:17-80
	android:name
		ADDED from [com.awareframework:aware-core:4.0.655] AndroidManifest.xml:181:25-77
data
ADDED from [com.awareframework:aware-core:4.0.655] AndroidManifest.xml:183:17-47
	android:scheme
		ADDED from [com.awareframework:aware-core:4.0.655] AndroidManifest.xml:183:23-44
provider#com.aware.providers.Scheduler_Provider
ADDED from [com.awareframework:aware-core:4.0.655] AndroidManifest.xml:188:9-193:70
	android:readPermission
		ADDED from [com.awareframework:aware-core:4.0.655] AndroidManifest.xml:192:13-65
	android:authorities
		ADDED from [com.awareframework:aware-core:4.0.655] AndroidManifest.xml:190:13-70
	android:exported
		ADDED from [com.awareframework:aware-core:4.0.655] AndroidManifest.xml:191:13-36
	android:name
		ADDED from [com.awareframework:aware-core:4.0.655] AndroidManifest.xml:189:13-66
	android:writePermission
		ADDED from [com.awareframework:aware-core:4.0.655] AndroidManifest.xml:193:13-67
provider#com.aware.providers.Bluetooth_Provider
ADDED from [com.awareframework:aware-core:4.0.655] AndroidManifest.xml:194:9-199:70
	android:readPermission
		ADDED from [com.awareframework:aware-core:4.0.655] AndroidManifest.xml:198:13-65
	android:authorities
		ADDED from [com.awareframework:aware-core:4.0.655] AndroidManifest.xml:196:13-70
	android:exported
		ADDED from [com.awareframework:aware-core:4.0.655] AndroidManifest.xml:197:13-36
	android:name
		ADDED from [com.awareframework:aware-core:4.0.655] AndroidManifest.xml:195:13-66
	android:writePermission
		ADDED from [com.awareframework:aware-core:4.0.655] AndroidManifest.xml:199:13-67
provider#com.aware.providers.Applications_Provider
ADDED from [com.awareframework:aware-core:4.0.655] AndroidManifest.xml:200:9-205:70
	android:readPermission
		ADDED from [com.awareframework:aware-core:4.0.655] AndroidManifest.xml:204:13-65
	android:authorities
		ADDED from [com.awareframework:aware-core:4.0.655] AndroidManifest.xml:202:13-73
	android:exported
		ADDED from [com.awareframework:aware-core:4.0.655] AndroidManifest.xml:203:13-36
	android:name
		ADDED from [com.awareframework:aware-core:4.0.655] AndroidManifest.xml:201:13-69
	android:writePermission
		ADDED from [com.awareframework:aware-core:4.0.655] AndroidManifest.xml:205:13-67
provider#com.aware.providers.Locations_Provider
ADDED from [com.awareframework:aware-core:4.0.655] AndroidManifest.xml:206:9-211:70
	android:readPermission
		ADDED from [com.awareframework:aware-core:4.0.655] AndroidManifest.xml:210:13-65
	android:authorities
		ADDED from [com.awareframework:aware-core:4.0.655] AndroidManifest.xml:208:13-70
	android:exported
		ADDED from [com.awareframework:aware-core:4.0.655] AndroidManifest.xml:209:13-36
	android:name
		ADDED from [com.awareframework:aware-core:4.0.655] AndroidManifest.xml:207:13-66
	android:writePermission
		ADDED from [com.awareframework:aware-core:4.0.655] AndroidManifest.xml:211:13-67
provider#com.aware.providers.Installations_Provider
ADDED from [com.awareframework:aware-core:4.0.655] AndroidManifest.xml:212:9-217:70
	android:readPermission
		ADDED from [com.awareframework:aware-core:4.0.655] AndroidManifest.xml:216:13-65
	android:authorities
		ADDED from [com.awareframework:aware-core:4.0.655] AndroidManifest.xml:214:13-74
	android:exported
		ADDED from [com.awareframework:aware-core:4.0.655] AndroidManifest.xml:215:13-36
	android:name
		ADDED from [com.awareframework:aware-core:4.0.655] AndroidManifest.xml:213:13-70
	android:writePermission
		ADDED from [com.awareframework:aware-core:4.0.655] AndroidManifest.xml:217:13-67
provider#com.aware.providers.ESM_Provider
ADDED from [com.awareframework:aware-core:4.0.655] AndroidManifest.xml:218:9-223:70
	android:readPermission
		ADDED from [com.awareframework:aware-core:4.0.655] AndroidManifest.xml:222:13-65
	android:authorities
		ADDED from [com.awareframework:aware-core:4.0.655] AndroidManifest.xml:220:13-64
	android:exported
		ADDED from [com.awareframework:aware-core:4.0.655] AndroidManifest.xml:221:13-36
	android:name
		ADDED from [com.awareframework:aware-core:4.0.655] AndroidManifest.xml:219:13-60
	android:writePermission
		ADDED from [com.awareframework:aware-core:4.0.655] AndroidManifest.xml:223:13-67
provider#com.aware.providers.Temperature_Provider
ADDED from [com.awareframework:aware-core:4.0.655] AndroidManifest.xml:224:9-229:70
	android:readPermission
		ADDED from [com.awareframework:aware-core:4.0.655] AndroidManifest.xml:228:13-65
	android:authorities
		ADDED from [com.awareframework:aware-core:4.0.655] AndroidManifest.xml:226:13-72
	android:exported
		ADDED from [com.awareframework:aware-core:4.0.655] AndroidManifest.xml:227:13-36
	android:name
		ADDED from [com.awareframework:aware-core:4.0.655] AndroidManifest.xml:225:13-68
	android:writePermission
		ADDED from [com.awareframework:aware-core:4.0.655] AndroidManifest.xml:229:13-67
provider#com.aware.providers.Linear_Accelerometer_Provider
ADDED from [com.awareframework:aware-core:4.0.655] AndroidManifest.xml:230:9-235:70
	android:readPermission
		ADDED from [com.awareframework:aware-core:4.0.655] AndroidManifest.xml:234:13-65
	android:authorities
		ADDED from [com.awareframework:aware-core:4.0.655] AndroidManifest.xml:232:13-81
	android:exported
		ADDED from [com.awareframework:aware-core:4.0.655] AndroidManifest.xml:233:13-36
	android:name
		ADDED from [com.awareframework:aware-core:4.0.655] AndroidManifest.xml:231:13-77
	android:writePermission
		ADDED from [com.awareframework:aware-core:4.0.655] AndroidManifest.xml:235:13-67
provider#com.aware.providers.Gravity_Provider
ADDED from [com.awareframework:aware-core:4.0.655] AndroidManifest.xml:236:9-241:70
	android:readPermission
		ADDED from [com.awareframework:aware-core:4.0.655] AndroidManifest.xml:240:13-65
	android:authorities
		ADDED from [com.awareframework:aware-core:4.0.655] AndroidManifest.xml:238:13-68
	android:exported
		ADDED from [com.awareframework:aware-core:4.0.655] AndroidManifest.xml:239:13-36
	android:name
		ADDED from [com.awareframework:aware-core:4.0.655] AndroidManifest.xml:237:13-64
	android:writePermission
		ADDED from [com.awareframework:aware-core:4.0.655] AndroidManifest.xml:241:13-67
provider#com.aware.providers.Barometer_Provider
ADDED from [com.awareframework:aware-core:4.0.655] AndroidManifest.xml:242:9-247:70
	android:readPermission
		ADDED from [com.awareframework:aware-core:4.0.655] AndroidManifest.xml:246:13-65
	android:authorities
		ADDED from [com.awareframework:aware-core:4.0.655] AndroidManifest.xml:244:13-70
	android:exported
		ADDED from [com.awareframework:aware-core:4.0.655] AndroidManifest.xml:245:13-36
	android:name
		ADDED from [com.awareframework:aware-core:4.0.655] AndroidManifest.xml:243:13-66
	android:writePermission
		ADDED from [com.awareframework:aware-core:4.0.655] AndroidManifest.xml:247:13-67
provider#com.aware.providers.Magnetometer_Provider
ADDED from [com.awareframework:aware-core:4.0.655] AndroidManifest.xml:248:9-253:70
	android:readPermission
		ADDED from [com.awareframework:aware-core:4.0.655] AndroidManifest.xml:252:13-65
	android:authorities
		ADDED from [com.awareframework:aware-core:4.0.655] AndroidManifest.xml:250:13-73
	android:exported
		ADDED from [com.awareframework:aware-core:4.0.655] AndroidManifest.xml:251:13-36
	android:name
		ADDED from [com.awareframework:aware-core:4.0.655] AndroidManifest.xml:249:13-69
	android:writePermission
		ADDED from [com.awareframework:aware-core:4.0.655] AndroidManifest.xml:253:13-67
provider#com.aware.providers.Proximity_Provider
ADDED from [com.awareframework:aware-core:4.0.655] AndroidManifest.xml:254:9-259:70
	android:readPermission
		ADDED from [com.awareframework:aware-core:4.0.655] AndroidManifest.xml:258:13-65
	android:authorities
		ADDED from [com.awareframework:aware-core:4.0.655] AndroidManifest.xml:256:13-70
	android:exported
		ADDED from [com.awareframework:aware-core:4.0.655] AndroidManifest.xml:257:13-36
	android:name
		ADDED from [com.awareframework:aware-core:4.0.655] AndroidManifest.xml:255:13-66
	android:writePermission
		ADDED from [com.awareframework:aware-core:4.0.655] AndroidManifest.xml:259:13-67
provider#com.aware.providers.Light_Provider
ADDED from [com.awareframework:aware-core:4.0.655] AndroidManifest.xml:260:9-265:70
	android:readPermission
		ADDED from [com.awareframework:aware-core:4.0.655] AndroidManifest.xml:264:13-65
	android:authorities
		ADDED from [com.awareframework:aware-core:4.0.655] AndroidManifest.xml:262:13-66
	android:exported
		ADDED from [com.awareframework:aware-core:4.0.655] AndroidManifest.xml:263:13-36
	android:name
		ADDED from [com.awareframework:aware-core:4.0.655] AndroidManifest.xml:261:13-62
	android:writePermission
		ADDED from [com.awareframework:aware-core:4.0.655] AndroidManifest.xml:265:13-67
provider#com.aware.providers.Telephony_Provider
ADDED from [com.awareframework:aware-core:4.0.655] AndroidManifest.xml:266:9-271:70
	android:readPermission
		ADDED from [com.awareframework:aware-core:4.0.655] AndroidManifest.xml:270:13-65
	android:authorities
		ADDED from [com.awareframework:aware-core:4.0.655] AndroidManifest.xml:268:13-70
	android:exported
		ADDED from [com.awareframework:aware-core:4.0.655] AndroidManifest.xml:269:13-36
	android:name
		ADDED from [com.awareframework:aware-core:4.0.655] AndroidManifest.xml:267:13-66
	android:writePermission
		ADDED from [com.awareframework:aware-core:4.0.655] AndroidManifest.xml:271:13-67